This is pdfTeX, Version 3.141592653-2.6-1.40.22 (TeX Live 2021) (preloaded format=pdflatex 2021.4.14)  22 SEP 2021 22:05
entering extended mode
 restricted \write18 enabled.
 file:line:error style messages enabled.
 %&-line parsing enabled.
**"/Users/herrmann/Programing/Graduate School/Natural Language Processing/Assignment 2/written2-skel.tex"
(/Users/herrmann/Programing/Graduate School/Natural Language Processing/Assignment 2/written2-skel.tex
LaTeX2e <2020-10-01> patch level 4
L3 programming layer <2021-02-18> (/usr/local/texlive/2021/texmf-dist/tex/latex/base/article.cls
Document Class: article 2020/04/10 v1.4m Standard LaTeX document class
(/usr/local/texlive/2021/texmf-dist/tex/latex/base/size11.clo
File: size11.clo 2020/04/10 v1.4m Standard LaTeX file (size option)
)
\c@part=\count179
\c@section=\count180
\c@subsection=\count181
\c@subsubsection=\count182
\c@paragraph=\count183
\c@subparagraph=\count184
\c@figure=\count185
\c@table=\count186
\abovecaptionskip=\skip47
\belowcaptionskip=\skip48
\bibindent=\dimen138
) (/usr/local/texlive/2021/texmf-dist/tex/latex/vmargin/vmargin.sty
Package: vmargin 2004/07/15 V2.5 set document margins (VK)

Package: vmargin 2004/07/15 V2.5 set document margins (VK)
\PaperWidth=\dimen139
\PaperHeight=\dimen140
) (/usr/local/texlive/2021/texmf-dist/tex/latex/graphics/epsfig.sty
Package: epsfig 2017/06/25 v1.7b (e)psfig emulation (SPQR)
 (/usr/local/texlive/2021/texmf-dist/tex/latex/graphics/graphicx.sty
Package: graphicx 2020/09/09 v1.2b Enhanced LaTeX Graphics (DPC,SPQR)
 (/usr/local/texlive/2021/texmf-dist/tex/latex/graphics/keyval.sty
Package: keyval 2014/10/28 v1.15 key=value parser (DPC)
\KV@toks@=\toks15
) (/usr/local/texlive/2021/texmf-dist/tex/latex/graphics/graphics.sty
Package: graphics 2020/08/30 v1.4c Standard LaTeX Graphics (DPC,SPQR)
 (/usr/local/texlive/2021/texmf-dist/tex/latex/graphics/trig.sty
Package: trig 2016/01/03 v1.10 sin cos tan (DPC)
) (/usr/local/texlive/2021/texmf-dist/tex/latex/graphics-cfg/graphics.cfg
File: graphics.cfg 2016/06/04 v1.11 sample graphics configuration
)
Package graphics Info: Driver file: pdftex.def on input line 105.
 (/usr/local/texlive/2021/texmf-dist/tex/latex/graphics-def/pdftex.def
File: pdftex.def 2020/10/05 v1.2a Graphics/color driver for pdftex
))
\Gin@req@height=\dimen141
\Gin@req@width=\dimen142
)
\epsfxsize=\dimen143
\epsfysize=\dimen144
) (/usr/local/texlive/2021/texmf-dist/tex/latex/xcolor/xcolor.sty
Package: xcolor 2016/05/11 v2.12 LaTeX color extensions (UK)
 (/usr/local/texlive/2021/texmf-dist/tex/latex/graphics-cfg/color.cfg
File: color.cfg 2016/01/02 v1.6 sample color configuration
)
Package xcolor Info: Driver file: pdftex.def on input line 225.
Package xcolor Info: Model `cmy' substituted by `cmy0' on input line 1348.
Package xcolor Info: Model `hsb' substituted by `rgb' on input line 1352.
Package xcolor Info: Model `RGB' extended on input line 1364.
Package xcolor Info: Model `HTML' substituted by `rgb' on input line 1366.
Package xcolor Info: Model `Hsb' substituted by `hsb' on input line 1367.
Package xcolor Info: Model `tHsb' substituted by `hsb' on input line 1368.
Package xcolor Info: Model `HSB' substituted by `hsb' on input line 1369.
Package xcolor Info: Model `Gray' substituted by `gray' on input line 1370.
Package xcolor Info: Model `wave' substituted by `hsb' on input line 1371.
) (/usr/local/texlive/2021/texmf-dist/tex/latex/l3backend/l3backend-pdftex.def
File: l3backend-pdftex.def 2021-03-18 L3 backend support: PDF output (pdfTeX)
\l__color_backend_stack_int=\count187
\l__pdf_internal_box=\box47
) (/Users/herrmann/Programing/Graduate School/Natural Language Processing/Assignment 2/written2-skel.aux)
\openout1 = `written2-skel.aux'.

LaTeX Font Info:    Checking defaults for OML/cmm/m/it on input line 15.
LaTeX Font Info:    ... okay on input line 15.
LaTeX Font Info:    Checking defaults for OMS/cmsy/m/n on input line 15.
LaTeX Font Info:    ... okay on input line 15.
LaTeX Font Info:    Checking defaults for OT1/cmr/m/n on input line 15.
LaTeX Font Info:    ... okay on input line 15.
LaTeX Font Info:    Checking defaults for T1/cmr/m/n on input line 15.
LaTeX Font Info:    ... okay on input line 15.
LaTeX Font Info:    Checking defaults for TS1/cmr/m/n on input line 15.
LaTeX Font Info:    ... okay on input line 15.
LaTeX Font Info:    Checking defaults for OMX/cmex/m/n on input line 15.
LaTeX Font Info:    ... okay on input line 15.
LaTeX Font Info:    Checking defaults for U/cmr/m/n on input line 15.
LaTeX Font Info:    ... okay on input line 15.
 (/usr/local/texlive/2021/texmf-dist/tex/context/base/mkii/supp-pdf.mkii
[Loading MPS to PDF converter (version 2006.09.02).]
\scratchcounter=\count188
\scratchdimen=\dimen145
\scratchbox=\box48
\nofMPsegments=\count189
\nofMParguments=\count190
\everyMPshowfont=\toks16
\MPscratchCnt=\count191
\MPscratchDim=\dimen146
\MPnumerator=\count192
\makeMPintoPDFobject=\count193
\everyMPtoPDFconversion=\toks17
) (/usr/local/texlive/2021/texmf-dist/tex/latex/epstopdf-pkg/epstopdf-base.sty
Package: epstopdf-base 2020-01-24 v2.11 Base part for package epstopdf
Package epstopdf-base Info: Redefining graphics rule for `.eps' on input line 485.
 (/usr/local/texlive/2021/texmf-dist/tex/latex/latexconfig/epstopdf-sys.cfg
File: epstopdf-sys.cfg 2010/07/13 v1.3 Configuration of (r)epstopdf for TeX Live
))
LaTeX Font Info:    External font `cmex10' loaded for size
(Font)              <10.95> on input line 33.
LaTeX Font Info:    External font `cmex10' loaded for size
(Font)              <8> on input line 33.
LaTeX Font Info:    External font `cmex10' loaded for size
(Font)              <6> on input line 33.
 [1

{/usr/local/texlive/2021/texmf-var/fonts/map/pdftex/updmap/pdftex.map}] [2]
<viterbi-pic.png, id=19, 516.93124pt x 155.58125pt>
File: viterbi-pic.png Graphic file (type png)
<use viterbi-pic.png>
Package pdftex.def Info: viterbi-pic.png  used on input line 131.
(pdftex.def)             Requested size: 288.1465pt x 86.72377pt.
 [3 </Users/herrmann/Programing/Graduate School/Natural Language Processing/Assignment 2/viterbi-pic.png>]
Underfull \hbox (badness 10000) in paragraph at lines 157--159

 []

[4]
Underfull \hbox (badness 10000) in paragraph at lines 178--179

 []


Underfull \hbox (badness 10000) in paragraph at lines 193--194

 []

[5]
Overfull \hbox (43.68237pt too wide) in paragraph at lines 215--225
[]\OT1/cmr/bx/n/10.95 Bob\OT1/cmr/m/n/10.95 /\OT1/cmr/m/sc/10.95 noun  \OT1/cmr/bx/n/10.95 put\OT1/cmr/m/n/10.95 /\OT1/cmr/m/sc/10.95 verb  \OT1/cmr/bx/n/10.95 the\OT1/cmr/m/n/10.95 /\OT1/cmr/m/sc/10.95 art  \OT1/cmr/bx/n/10.95 light\OT1/cmr/m/n/10.95 /\OT1/cmr/m/sc/10.95 adj  \OT1/cmr/bx/n/10.95 blue\OT1/cmr/m/n/10.95 /\OT1/cmr/m/sc/10.95 adj  \OT1/cmr/bx/n/10.95 light\OT1/cmr/m/n/10.95 /\OT1/cmr/m/sc/10.95 noun  \OT1/cmr/bx/n/10.95 bulb\OT1/cmr/m/n/10.95 /\OT1/cmr/m/sc/10.95 noun  \OT1/cmr/bx/n/10.95 in\OT1/cmr/m/n/10.95 /\OT1/cmr/m/sc/10.95 prep  
 []


Overfull \hbox (30.18495pt too wide) in paragraph at lines 215--225
\OT1/cmr/bx/n/10.95 orange\OT1/cmr/m/n/10.95 /\OT1/cmr/m/sc/10.95 adj  \OT1/cmr/bx/n/10.95 and\OT1/cmr/m/n/10.95 /\OT1/cmr/m/sc/10.95 conj  \OT1/cmr/bx/n/10.95 blue\OT1/cmr/m/n/10.95 /\OT1/cmr/m/sc/10.95 adj  \OT1/cmr/bx/n/10.95 room\OT1/cmr/m/n/10.95 /\OT1/cmr/m/sc/10.95 noun  \OT1/cmr/bx/n/10.95 with\OT1/cmr/m/n/10.95 /\OT1/cmr/m/sc/10.95 prep  \OT1/cmr/bx/n/10.95 bril-liant\OT1/cmr/m/n/10.95 /\OT1/cmr/m/sc/10.95 adj  \OT1/cmr/bx/n/10.95 light\OT1/cmr/m/n/10.95 /\OT1/cmr/m/sc/10.95 adj  
 []

[6] [7]
Package epstopdf Info: Source file: <trees1.eps>
(epstopdf)                    date: 2021-09-20 22:36:16
(epstopdf)                    size: 7901 bytes
(epstopdf)             Output file: <trees1-eps-converted-to.pdf>
(epstopdf)                    date: 2021-09-20 22:37:02
(epstopdf)                    size: 7358 bytes
(epstopdf)             Command: <repstopdf --outfile=trees1-eps-converted-to.pdf trees1.eps>
(epstopdf)             \includegraphics on input line 327.
Package epstopdf Info: Output file is already uptodate.
<trees1-eps-converted-to.pdf, id=43, 773.89125pt x 209.78375pt>
File: trees1-eps-converted-to.pdf Graphic file (type pdf)
<use trees1-eps-converted-to.pdf>
Package pdftex.def Info: trees1-eps-converted-to.pdf  used on input line 327.
(pdftex.def)             Requested size: 469.75499pt x 127.34048pt.

Overfull \hbox (27.37503pt too wide) in paragraph at lines 327--328
 [] 
 []

[8 </Users/herrmann/Programing/Graduate School/Natural Language Processing/Assignment 2/trees1-eps-converted-to.pdf>]
Underfull \hbox (badness 10000) in paragraph at lines 373--379

 []

[9]
Underfull \hbox (badness 10000) in paragraph at lines 395--396

 []

[10] [11] (/Users/herrmann/Programing/Graduate School/Natural Language Processing/Assignment 2/written2-skel.aux) ) 
Here is how much of TeX's memory you used:
 1793 strings out of 478994
 25942 string characters out of 5858184
 331540 words of memory out of 5000000
 19296 multiletter control sequences out of 15000+600000
 408070 words of font info for 42 fonts, out of 8000000 for 9000
 1141 hyphenation exceptions out of 8191
 83i,8n,88p,312b,265s stack positions out of 5000i,500n,10000p,200000b,80000s
{/usr/local/texlive/2021/texmf-dist/fonts/enc/dvips/cm-super/cm-super-ts1.enc}</usr/local/texlive/2021/texmf-dist/fonts/type1/public/amsfonts/cm/cmbx10.pfb></usr/local/texlive/2021/texmf-dist/fonts/type1/public/amsfonts/cm/cmbx12.pfb></usr/local/texlive/2021/texmf-dist/fonts/type1/public/amsfonts/cm/cmcsc10.pfb></usr/local/texlive/2021/texmf-dist/fonts/type1/public/amsfonts/cm/cmex10.pfb></usr/local/texlive/2021/texmf-dist/fonts/type1/public/amsfonts/cm/cmmi10.pfb></usr/local/texlive/2021/texmf-dist/fonts/type1/public/amsfonts/cm/cmmi6.pfb></usr/local/texlive/2021/texmf-dist/fonts/type1/public/amsfonts/cm/cmmi8.pfb></usr/local/texlive/2021/texmf-dist/fonts/type1/public/amsfonts/cm/cmr10.pfb></usr/local/texlive/2021/texmf-dist/fonts/type1/public/amsfonts/cm/cmr12.pfb></usr/local/texlive/2021/texmf-dist/fonts/type1/public/amsfonts/cm/cmr6.pfb></usr/local/texlive/2021/texmf-dist/fonts/type1/public/amsfonts/cm/cmr8.pfb></usr/local/texlive/2021/texmf-dist/fonts/type1/public/amsfonts/cm/cmsy10.pfb></usr/local/texlive/2021/texmf-dist/fonts/type1/public/amsfonts/cm/cmsy8.pfb></usr/local/texlive/2021/texmf-dist/fonts/type1/public/amsfonts/cm/cmti10.pfb></usr/local/texlive/2021/texmf-dist/fonts/type1/public/cm-super/sfrm1095.pfb>
Output written on "/Users/herrmann/Programing/Graduate School/Natural Language Processing/Assignment 2/written2-skel.pdf" (11 pages, 216400 bytes).
PDF statistics:
 109 PDF objects out of 1000 (max. 8388607)
 76 compressed objects within 1 object stream
 0 named destinations out of 1000 (max. 500000)
 11 words of extra memory for PDF output out of 10000 (max. 10000000)

